<?xml version="1.0" encoding="UTF-8"?>
<!-- Generated by org.testng.reporters.JUnitReportReporter -->
<testsuite hostname="LAPTOP-O2VS9PN6" failures="0" tests="1" name="NewTest" time="0.010" errors="0" timestamp="7 Jan 2022 16:09:53 GMT">
  <testcase classname="NewTest" name="f" time="0.010"/>
</testsuite> <!-- NewTest -->
