<?xml version="1.0" encoding="UTF-8"?>
<!-- Generated by org.testng.reporters.JUnitReportReporter -->
<testsuite hostname="LAPTOP-O2VS9PN6" failures="0" tests="1" name="com.testng.NewTest" time="0.008" errors="0" timestamp="7 Jan 2022 17:34:42 GMT">
  <testcase classname="com.testng.NewTest" name="f" time="0.008"/>
</testsuite> <!-- com.testng.NewTest -->
