<?xml version="1.0" encoding="UTF-8"?>
<!-- Generated by org.testng.reporters.JUnitReportReporter -->
<testsuite hostname="LAPTOP-O2VS9PN6" failures="0" tests="1" name="com.testng.NewTest" time="0.005" errors="0" timestamp="15 Jan 2022 20:15:31 GMT">
  <testcase classname="com.testng.NewTest" name="f" time="0.005"/>
</testsuite> <!-- com.testng.NewTest -->
